<?xml version="1.0" encoding="UTF-8"?>
<!-- Generated by org.testng.reporters.JUnitReportReporter -->
<testsuite hostname="Guna" failures="0" tests="4" name="test.Pets" time="10.036" errors="0" timestamp="2024-06-10T08:15:38 CEST" skipped="0">
  <testcase classname="test.Pets" name="testGetPet" time="8.234"/>
  <testcase classname="test.Pets" name="testPostPet" time="0.727"/>
  <testcase classname="test.Pets" name="testPutPet" time="0.539"/>
  <testcase classname="test.Pets" name="deletePetTest" time="0.536"/>
</testsuite> <!-- test.Pets -->
